2021-03-15 11:30:01 - error [app.js]: Cannot find module '../dashboard'
Require stack:
- D:\Backup\Discord bot dev\Andromeda\src\events\ready.js
- D:\Backup\Discord bot dev\Andromeda\src\Client.js
- D:\Backup\Discord bot dev\Andromeda\app.js
{
  "code": "MODULE_NOT_FOUND",
  "requireStack": [
    "D:\\Backup\\Discord bot dev\\Andromeda\\src\\events\\ready.js",
    "D:\\Backup\\Discord bot dev\\Andromeda\\src\\Client.js",
    "D:\\Backup\\Discord bot dev\\Andromeda\\app.js"
  ],
  "stack": "Error: Cannot find module '../dashboard'
Require stack:
- D:\\Backup\\Discord bot dev\\Andromeda\\src\\events\\ready.js
- D:\\Backup\\Discord bot dev\\Andromeda\\src\\Client.js
- D:\\Backup\\Discord bot dev\\Andromeda\\app.js
    at Function.Module._resolveFilename (node:internal/modules/cjs/loader:925:15)
    at Function.Module._load (node:internal/modules/cjs/loader:769:27)
    at Module.require (node:internal/modules/cjs/loader:997:19)
    at require (node:internal/modules/cjs/helpers:92:18)
    at module.exports (D:\\Backup\\Discord bot dev\\Andromeda\\src\\events\\ready.js:3:3)
    at Client.emit (node:events:391:22)
    at WebSocketManager.triggerClientReady (D:\\Backup\\Discord bot dev\\Andromeda\
ode_modules\\discord.js\\src\\client\\websocket\\WebSocketManager.js:431:17)
    at WebSocketManager.checkShardsReady (D:\\Backup\\Discord bot dev\\Andromeda\
ode_modules\\discord.js\\src\\client\\websocket\\WebSocketManager.js:415:10)
    at WebSocketShard.<anonymous> (D:\\Backup\\Discord bot dev\\Andromeda\
ode_modules\\discord.js\\src\\client\\websocket\\WebSocketManager.js:197:14)
    at WebSocketShard.emit (node:events:379:20)"
}
